<?xml version="1.0" encoding="UTF-8" ?>
<testsuite tests="3" failures="0" name="org.example.my.StringServiceTest" time="0.006" errors="0" skipped="0">
  <properties>
    <property name="java.runtime.name" value="OpenJDK Runtime Environment"/>
    <property name="java.vm.version" value="18.0.2+0"/>
    <property name="sun.boot.library.path" value="/usr/lib/jvm/java-18-openjdk/lib"/>
    <property name="maven.multiModuleProjectDirectory" value="/home/ruska/aksur/programming/2course/str_lab"/>
    <property name="java.vm.vendor" value="Oracle Corporation"/>
    <property name="java.vendor.url" value="https://openjdk.java.net/"/>
    <property name="guice.disable.misplaced.annotation.check" value="true"/>
    <property name="path.separator" value=":"/>
    <property name="java.vm.name" value="OpenJDK 64-Bit Server VM"/>
    <property name="user.country" value="US"/>
    <property name="sun.java.launcher" value="SUN_STANDARD"/>
    <property name="java.vm.specification.name" value="Java Virtual Machine Specification"/>
    <property name="user.dir" value="/home/ruska/aksur/programming/2course/str_lab"/>
    <property name="java.vm.compressedOopsMode" value="Zero based"/>
    <property name="java.runtime.version" value="18.0.2+0"/>
    <property name="os.arch" value="amd64"/>
    <property name="java.io.tmpdir" value="/tmp"/>
    <property name="line.separator" value="
"/>
    <property name="java.vm.specification.vendor" value="Oracle Corporation"/>
    <property name="os.name" value="Linux"/>
    <property name="classworlds.conf" value="/home/ruska/.cache/JetBrains/Fleet/downloads/4ac7690fde4f316203db96170753a5296d3c7bad/apache-maven-3.8.4-bin/apache-maven-3.8.4/bin/m2.conf"/>
    <property name="sun.jnu.encoding" value="UTF-8"/>
    <property name="java.library.path" value=":/home/ruska/.local/share/JetBrains/Toolbox/apps/Fleet/ch-0/1.9.231/lib/app:/usr/java/packages/lib:/usr/lib64:/lib64:/lib:/usr/lib"/>
    <property name="maven.conf" value="/home/ruska/.cache/JetBrains/Fleet/downloads/4ac7690fde4f316203db96170753a5296d3c7bad/apache-maven-3.8.4-bin/apache-maven-3.8.4/conf"/>
    <property name="jdk.debug" value="release"/>
    <property name="java.class.version" value="62.0"/>
    <property name="java.specification.name" value="Java Platform API Specification"/>
    <property name="sun.management.compiler" value="HotSpot 64-Bit Tiered Compilers"/>
    <property name="os.version" value="5.19.13-arch1-1"/>
    <property name="library.jansi.path" value="/home/ruska/.cache/JetBrains/Fleet/downloads/4ac7690fde4f316203db96170753a5296d3c7bad/apache-maven-3.8.4-bin/apache-maven-3.8.4/lib/jansi-native"/>
    <property name="user.home" value="/home/ruska"/>
    <property name="user.timezone" value="Asia/Omsk"/>
    <property name="file.encoding" value="UTF-8"/>
    <property name="java.specification.version" value="18"/>
    <property name="user.name" value="ruska"/>
    <property name="java.class.path" value="/home/ruska/.cache/JetBrains/Fleet/downloads/4ac7690fde4f316203db96170753a5296d3c7bad/apache-maven-3.8.4-bin/apache-maven-3.8.4/boot/plexus-classworlds-2.6.0.jar"/>
    <property name="java.vm.specification.version" value="18"/>
    <property name="sun.arch.data.model" value="64"/>
    <property name="sun.java.command" value="org.codehaus.plexus.classworlds.launcher.Launcher install install"/>
    <property name="java.home" value="/usr/lib/jvm/java-18-openjdk"/>
    <property name="user.language" value="en"/>
    <property name="java.specification.vendor" value="Oracle Corporation"/>
    <property name="java.vm.info" value="mixed mode"/>
    <property name="java.version" value="18.0.2"/>
    <property name="native.encoding" value="UTF-8"/>
    <property name="java.vendor" value="N/A"/>
    <property name="sun.stderr.encoding" value="UTF-8"/>
    <property name="maven.home" value="/home/ruska/.cache/JetBrains/Fleet/downloads/4ac7690fde4f316203db96170753a5296d3c7bad/apache-maven-3.8.4-bin/apache-maven-3.8.4"/>
    <property name="file.separator" value="/"/>
    <property name="java.version.date" value="2022-07-19"/>
    <property name="java.vendor.url.bug" value="https://bugreport.java.com/bugreport/"/>
    <property name="sun.io.unicode.encoding" value="UnicodeLittle"/>
    <property name="sun.cpu.endian" value="little"/>
    <property name="sun.stdout.encoding" value="UTF-8"/>
  </properties>
  <testcase classname="org.example.my.StringServiceTest" name="getCountOfStringsStartsWith" time="0.006"/>
  <testcase classname="org.example.my.StringServiceTest" name="getCountOfStringEquals" time="0"/>
  <testcase classname="org.example.my.StringServiceTest" name="getCountOfStringsWithoutSubstring" time="0"/>
</testsuite>